TN:
SF:app.js
FN:10,(anonymous_0)
FN:17,(anonymous_1)
FN:21,(anonymous_2)
FNF:3
FNH:0
FNDA:0,(anonymous_0)
FNDA:0,(anonymous_1)
FNDA:0,(anonymous_2)
DA:1,1
DA:3,1
DA:4,1
DA:6,1
DA:7,1
DA:8,1
DA:10,1
DA:11,0
DA:15,1
DA:17,1
DA:18,0
DA:21,1
DA:22,0
DA:25,1
LF:14
LH:11
BRF:0
BRH:0
end_of_record
TN:
SF:api/index.js
FNF:0
FNH:0
DA:1,1
DA:3,1
DA:5,1
LF:3
LH:3
BRF:0
BRH:0
end_of_record
TN:
SF:api/puppies.js
FN:9,(anonymous_0)
FNF:1
FNH:1
FNDA:1,(anonymous_0)
DA:1,1
DA:2,1
DA:4,1
DA:7,1
DA:10,1
DA:11,1
DA:15,1
LF:7
LH:7
BRF:0
BRH:0
end_of_record
TN:
SF:api/utils.js
FN:1,asyncErrorHandler
FN:2,(anonymous_1)
FNF:2
FNH:2
FNDA:1,asyncErrorHandler
FNDA:1,(anonymous_1)
DA:2,1
DA:3,1
DA:4,1
DA:6,0
DA:11,1
LF:5
LH:4
BRF:0
BRH:0
end_of_record
TN:
SF:prisma/prisma.js
FNF:0
FNH:0
DA:1,1
DA:3,1
DA:5,1
LF:3
LH:3
BRF:0
BRH:0
end_of_record
